<?xml version="1.0" encoding="UTF-8"?>
<!-- Generated by org.testng.reporters.JUnitReportReporter -->
<testsuite hostname="OPSI-LT-137" failures="0" tests="3" name="TestSuite.TestCases" time="48.746" errors="0" timestamp="2020-12-16T11:09:51 SAST" skipped="0">
  <testcase classname="TestSuite.TestCases" name="TC02_AddNewCustomer" time="13.687"/>
  <system-out/>
  <testcase classname="TestSuite.TestCases" name="TC01_AddNewAdmin" time="17.049"/>
  <system-out/>
  <testcase classname="TestSuite.TestCases" name="TC03_AddNewCustomerKeyword" time="18.010"/>
  <system-out/>
</testsuite> <!-- TestSuite.TestCases -->
